# JRE version: OpenJDK Runtime Environment (21.0.6) (build 21.0.6+-13391695-b895.109)
# Java VM: OpenJDK 64-Bit Server VM (21.0.6+-13391695-b895.109, mixed mode, tiered, compressed oops, compressed class ptrs, g1 gc, bsd-amd64)
GC Precious Log:
 CardTable entry size: 512
 Card Set container configuration: InlinePtr #cards 5 size 8 Array Of Cards #cards 12 size 40 Howl #buckets 4 coarsen threshold 1843 Howl Bitmap #cards 512 size 80 coarsen threshold 460 Card regions per heap region 1 cards per card region 2048
 CPUs: 8 total, 8 available
 Memory: 16384M
 Large Page Support: Disabled
 NUMA Support: Disabled
 Compressed Oops: Enabled (Zero based)
 Heap Region Size: 1M
 Heap Min Capacity: 8M
 Heap Initial Capacity: 256M
 Heap Max Capacity: 2G
 Pre-touch: Disabled
 Parallel Workers: 8
 Concurrent Workers: 2
 Concurrent Refinement Workers: 8
 Periodic GC: Disabled
Heap:
 garbage-first heap   total 358400K, used 236606K [0x0000000780000000, 0x0000000800000000)
  region size 1024K, 28 young (28672K), 7 survivors (7168K)
 Metaspace       used 147054K, committed 148544K, reserved 1179648K
  class space    used 20133K, committed 20864K, reserved 1048576K
GC Heap History (20 events):
Event: 7860.830 GC heap before
{Heap before GC invocations=67 (full 0):
 garbage-first heap   total 317440K, used 267264K [0x0000000780000000, 0x0000000800000000)
  region size 1024K, 80 young (81920K), 5 survivors (5120K)
 Metaspace       used 143131K, committed 144640K, reserved 1179648K
  class space    used 19585K, committed 20288K, reserved 1048576K
}
Event: 7860.837 GC heap after
{Heap after GC invocations=68 (full 0):
 garbage-first heap   total 317440K, used 191741K [0x0000000780000000, 0x0000000800000000)
  region size 1024K, 7 young (7168K), 7 survivors (7168K)
 Metaspace       used 143131K, committed 144640K, reserved 1179648K
  class space    used 19585K, committed 20288K, reserved 1048576K
}
Event: 7862.226 GC heap before
{Heap before GC invocations=68 (full 0):
 garbage-first heap   total 317440K, used 293117K [0x0000000780000000, 0x0000000800000000)
  region size 1024K, 106 young (108544K), 7 survivors (7168K)
 Metaspace       used 143131K, committed 144640K, reserved 1179648K
  class space    used 19585K, committed 20288K, reserved 1048576K
}
Event: 7862.235 GC heap after
{Heap after GC invocations=69 (full 0):
 garbage-first heap   total 317440K, used 191840K [0x0000000780000000, 0x0000000800000000)
  region size 1024K, 10 young (10240K), 10 survivors (10240K)
 Metaspace       used 143131K, committed 144640K, reserved 1179648K
  class space    used 19585K, committed 20288K, reserved 1048576K
}
Event: 7863.509 GC heap before
{Heap before GC invocations=69 (full 0):
 garbage-first heap   total 317440K, used 289120K [0x0000000780000000, 0x0000000800000000)
  region size 1024K, 105 young (107520K), 10 survivors (10240K)
 Metaspace       used 143131K, committed 144640K, reserved 1179648K
  class space    used 19585K, committed 20288K, reserved 1048576K
}
Event: 7863.518 GC heap after
{Heap after GC invocations=70 (full 0):
 garbage-first heap   total 317440K, used 195641K [0x0000000780000000, 0x0000000800000000)
  region size 1024K, 10 young (10240K), 10 survivors (10240K)
 Metaspace       used 143131K, committed 144640K, reserved 1179648K
  class space    used 19585K, committed 20288K, reserved 1048576K
}
Event: 7864.666 GC heap before
{Heap before GC invocations=71 (full 0):
 garbage-first heap   total 327680K, used 289849K [0x0000000780000000, 0x0000000800000000)
  region size 1024K, 102 young (104448K), 10 survivors (10240K)
 Metaspace       used 143131K, committed 144640K, reserved 1179648K
  class space    used 19585K, committed 20288K, reserved 1048576K
}
Event: 7864.672 GC heap after
{Heap after GC invocations=72 (full 0):
 garbage-first heap   total 327680K, used 198362K [0x0000000780000000, 0x0000000800000000)
  region size 1024K, 9 young (9216K), 9 survivors (9216K)
 Metaspace       used 143131K, committed 144640K, reserved 1179648K
  class space    used 19585K, committed 20288K, reserved 1048576K
}
Event: 7865.880 GC heap before
{Heap before GC invocations=72 (full 0):
 garbage-first heap   total 327680K, used 300762K [0x0000000780000000, 0x0000000800000000)
  region size 1024K, 109 young (111616K), 9 survivors (9216K)
 Metaspace       used 143131K, committed 144640K, reserved 1179648K
  class space    used 19585K, committed 20288K, reserved 1048576K
}
Event: 7865.892 GC heap after
{Heap after GC invocations=73 (full 0):
 garbage-first heap   total 327680K, used 198383K [0x0000000780000000, 0x0000000800000000)
  region size 1024K, 9 young (9216K), 9 survivors (9216K)
 Metaspace       used 143131K, committed 144640K, reserved 1179648K
  class space    used 19585K, committed 20288K, reserved 1048576K
}
Event: 7867.143 GC heap before
{Heap before GC invocations=73 (full 0):
 garbage-first heap   total 327680K, used 301807K [0x0000000780000000, 0x0000000800000000)
  region size 1024K, 110 young (112640K), 9 survivors (9216K)
 Metaspace       used 143131K, committed 144640K, reserved 1179648K
  class space    used 19585K, committed 20288K, reserved 1048576K
}
Event: 7867.152 GC heap after
{Heap after GC invocations=74 (full 0):
 garbage-first heap   total 327680K, used 202256K [0x0000000780000000, 0x0000000800000000)
  region size 1024K, 10 young (10240K), 10 survivors (10240K)
 Metaspace       used 143131K, committed 144640K, reserved 1179648K
  class space    used 19585K, committed 20288K, reserved 1048576K
}
Event: 7868.473 GC heap before
{Heap before GC invocations=75 (full 0):
 garbage-first heap   total 339968K, used 297488K [0x0000000780000000, 0x0000000800000000)
  region size 1024K, 103 young (105472K), 10 survivors (10240K)
 Metaspace       used 143131K, committed 144640K, reserved 1179648K
  class space    used 19585K, committed 20288K, reserved 1048576K
}
Event: 7868.484 GC heap after
{Heap after GC invocations=76 (full 0):
 garbage-first heap   total 339968K, used 205870K [0x0000000780000000, 0x0000000800000000)
  region size 1024K, 10 young (10240K), 10 survivors (10240K)
 Metaspace       used 143131K, committed 144640K, reserved 1179648K
  class space    used 19585K, committed 20288K, reserved 1048576K
}
Event: 7870.225 GC heap before
{Heap before GC invocations=76 (full 0):
 garbage-first heap   total 339968K, used 309294K [0x0000000780000000, 0x0000000800000000)
  region size 1024K, 112 young (114688K), 10 survivors (10240K)
 Metaspace       used 144303K, committed 145792K, reserved 1179648K
  class space    used 19779K, committed 20480K, reserved 1048576K
}
Event: 7870.233 GC heap after
{Heap after GC invocations=77 (full 0):
 garbage-first heap   total 339968K, used 209692K [0x0000000780000000, 0x0000000800000000)
  region size 1024K, 10 young (10240K), 10 survivors (10240K)
 Metaspace       used 144303K, committed 145792K, reserved 1179648K
  class space    used 19779K, committed 20480K, reserved 1048576K
}
Event: 7871.705 GC heap before
{Heap before GC invocations=77 (full 0):
 garbage-first heap   total 339968K, used 310044K [0x0000000780000000, 0x0000000800000000)
  region size 1024K, 109 young (111616K), 10 survivors (10240K)
 Metaspace       used 147054K, committed 148544K, reserved 1179648K
  class space    used 20133K, committed 20864K, reserved 1048576K
}
Event: 7871.726 GC heap after
{Heap after GC invocations=78 (full 0):
 garbage-first heap   total 339968K, used 211328K [0x0000000780000000, 0x0000000800000000)
  region size 1024K, 10 young (10240K), 10 survivors (10240K)
 Metaspace       used 147054K, committed 148544K, reserved 1179648K
  class space    used 20133K, committed 20864K, reserved 1048576K
}
Event: 7872.901 GC heap before
{Heap before GC invocations=78 (full 0):
 garbage-first heap   total 339968K, used 310656K [0x0000000780000000, 0x0000000800000000)
  region size 1024K, 107 young (109568K), 10 survivors (10240K)
 Metaspace       used 147054K, committed 148544K, reserved 1179648K
  class space    used 20133K, committed 20864K, reserved 1048576K
}
Event: 7872.910 GC heap after
{Heap after GC invocations=79 (full 0):
 garbage-first heap   total 339968K, used 213635K [0x0000000780000000, 0x0000000800000000)
  region size 1024K, 9 young (9216K), 9 survivors (9216K)
 Metaspace       used 147054K, committed 148544K, reserved 1179648K
  class space    used 20133K, committed 20864K, reserved 1048576K
}

