# JRE version: OpenJDK Runtime Environment (21.0.6) (build 21.0.6+-13391695-b895.109)
# Java VM: OpenJDK 64-Bit Server VM (21.0.6+-13391695-b895.109, mixed mode, tiered, compressed oops, compressed class ptrs, g1 gc, bsd-amd64)
GC Precious Log:
 CardTable entry size: 512
 Card Set container configuration: InlinePtr #cards 5 size 8 Array Of Cards #cards 12 size 40 Howl #buckets 4 coarsen threshold 1843 Howl Bitmap #cards 512 size 80 coarsen threshold 460 Card regions per heap region 1 cards per card region 2048
 CPUs: 8 total, 8 available
 Memory: 16384M
 Large Page Support: Disabled
 NUMA Support: Disabled
 Compressed Oops: Enabled (Zero based)
 Heap Region Size: 1M
 Heap Min Capacity: 8M
 Heap Initial Capacity: 256M
 Heap Max Capacity: 2G
 Pre-touch: Disabled
 Parallel Workers: 8
 Concurrent Workers: 2
 Concurrent Refinement Workers: 8
 Periodic GC: Disabled
Heap:
 garbage-first heap   total 295936K, used 206165K [0x0000000780000000, 0x0000000800000000)
  region size 1024K, 27 young (27648K), 7 survivors (7168K)
 Metaspace       used 150967K, committed 153472K, reserved 1245184K
  class space    used 20955K, committed 22208K, reserved 1048576K
GC Heap History (20 events):
Event: 75.748 GC heap before
{Heap before GC invocations=57 (full 0):
 garbage-first heap   total 225280K, used 205353K [0x0000000780000000, 0x0000000800000000)
  region size 1024K, 73 young (74752K), 8 survivors (8192K)
 Metaspace       used 123548K, committed 126016K, reserved 1179648K
  class space    used 17270K, committed 18496K, reserved 1048576K
}
Event: 75.767 GC heap after
{Heap after GC invocations=58 (full 0):
 garbage-first heap   total 225280K, used 142104K [0x0000000780000000, 0x0000000800000000)
  region size 1024K, 10 young (10240K), 10 survivors (10240K)
 Metaspace       used 123548K, committed 126016K, reserved 1179648K
  class space    used 17270K, committed 18496K, reserved 1048576K
}
Event: 77.028 GC heap before
{Heap before GC invocations=58 (full 0):
 garbage-first heap   total 225280K, used 202520K [0x0000000780000000, 0x0000000800000000)
  region size 1024K, 69 young (70656K), 10 survivors (10240K)
 Metaspace       used 126752K, committed 129152K, reserved 1179648K
  class space    used 17697K, committed 18944K, reserved 1048576K
}
Event: 77.035 GC heap after
{Heap after GC invocations=59 (full 0):
 garbage-first heap   total 225280K, used 145127K [0x0000000780000000, 0x0000000800000000)
  region size 1024K, 9 young (9216K), 9 survivors (9216K)
 Metaspace       used 126752K, committed 129152K, reserved 1179648K
  class space    used 17697K, committed 18944K, reserved 1048576K
}
Event: 78.338 GC heap before
{Heap before GC invocations=60 (full 0):
 garbage-first heap   total 242688K, used 201447K [0x0000000780000000, 0x0000000800000000)
  region size 1024K, 65 young (66560K), 9 survivors (9216K)
 Metaspace       used 128782K, committed 131264K, reserved 1179648K
  class space    used 18027K, committed 19264K, reserved 1048576K
}
Event: 78.345 GC heap after
{Heap after GC invocations=61 (full 0):
 garbage-first heap   total 242688K, used 149844K [0x0000000780000000, 0x0000000800000000)
  region size 1024K, 7 young (7168K), 7 survivors (7168K)
 Metaspace       used 128782K, committed 131264K, reserved 1179648K
  class space    used 18027K, committed 19264K, reserved 1048576K
}
Event: 81.002 GC heap before
{Heap before GC invocations=61 (full 0):
 garbage-first heap   total 242688K, used 221524K [0x0000000780000000, 0x0000000800000000)
  region size 1024K, 77 young (78848K), 7 survivors (7168K)
 Metaspace       used 132804K, committed 135360K, reserved 1179648K
  class space    used 18635K, committed 19904K, reserved 1048576K
}
Event: 81.009 GC heap after
{Heap after GC invocations=62 (full 0):
 garbage-first heap   total 242688K, used 153320K [0x0000000780000000, 0x0000000800000000)
  region size 1024K, 5 young (5120K), 5 survivors (5120K)
 Metaspace       used 132804K, committed 135360K, reserved 1179648K
  class space    used 18635K, committed 19904K, reserved 1048576K
}
Event: 83.076 GC heap before
{Heap before GC invocations=62 (full 0):
 garbage-first heap   total 242688K, used 223976K [0x0000000780000000, 0x0000000800000000)
  region size 1024K, 74 young (75776K), 5 survivors (5120K)
 Metaspace       used 138378K, committed 140800K, reserved 1179648K
  class space    used 19388K, committed 20544K, reserved 1048576K
}
Event: 83.082 GC heap after
{Heap after GC invocations=63 (full 0):
 garbage-first heap   total 242688K, used 157837K [0x0000000780000000, 0x0000000800000000)
  region size 1024K, 10 young (10240K), 10 survivors (10240K)
 Metaspace       used 138378K, committed 140800K, reserved 1179648K
  class space    used 19388K, committed 20544K, reserved 1048576K
}
Event: 85.087 GC heap before
{Heap before GC invocations=64 (full 0):
 garbage-first heap   total 265216K, used 217229K [0x0000000780000000, 0x0000000800000000)
  region size 1024K, 68 young (69632K), 10 survivors (10240K)
 Metaspace       used 140816K, committed 143232K, reserved 1179648K
  class space    used 19724K, committed 20928K, reserved 1048576K
}
Event: 85.096 GC heap after
{Heap after GC invocations=65 (full 0):
 garbage-first heap   total 265216K, used 162072K [0x0000000780000000, 0x0000000800000000)
  region size 1024K, 9 young (9216K), 9 survivors (9216K)
 Metaspace       used 140816K, committed 143232K, reserved 1179648K
  class space    used 19724K, committed 20928K, reserved 1048576K
}
Event: 86.227 GC heap before
{Heap before GC invocations=65 (full 0):
 garbage-first heap   total 265216K, used 239896K [0x0000000780000000, 0x0000000800000000)
  region size 1024K, 86 young (88064K), 9 survivors (9216K)
 Metaspace       used 142885K, committed 145408K, reserved 1179648K
  class space    used 19955K, committed 21248K, reserved 1048576K
}
Event: 86.250 GC heap after
{Heap after GC invocations=66 (full 0):
 garbage-first heap   total 265216K, used 167799K [0x0000000780000000, 0x0000000800000000)
  region size 1024K, 11 young (11264K), 11 survivors (11264K)
 Metaspace       used 142885K, committed 145408K, reserved 1179648K
  class space    used 19955K, committed 21248K, reserved 1048576K
}
Event: 86.340 GC heap before
{Heap before GC invocations=66 (full 0):
 garbage-first heap   total 265216K, used 174967K [0x0000000780000000, 0x0000000800000000)
  region size 1024K, 20 young (20480K), 11 survivors (11264K)
 Metaspace       used 143208K, committed 145728K, reserved 1179648K
  class space    used 20019K, committed 21312K, reserved 1048576K
}
Event: 86.348 GC heap after
{Heap after GC invocations=67 (full 0):
 garbage-first heap   total 265216K, used 172021K [0x0000000780000000, 0x0000000800000000)
  region size 1024K, 3 young (3072K), 3 survivors (3072K)
 Metaspace       used 143208K, committed 145728K, reserved 1179648K
  class space    used 20019K, committed 21312K, reserved 1048576K
}
Event: 87.564 GC heap before
{Heap before GC invocations=68 (full 0):
 garbage-first heap   total 295936K, used 250869K [0x0000000780000000, 0x0000000800000000)
  region size 1024K, 76 young (77824K), 3 survivors (3072K)
 Metaspace       used 148907K, committed 151424K, reserved 1179648K
  class space    used 20655K, committed 21952K, reserved 1048576K
}
Event: 87.574 GC heap after
{Heap after GC invocations=69 (full 0):
 garbage-first heap   total 295936K, used 183296K [0x0000000780000000, 0x0000000800000000)
  region size 1024K, 10 young (10240K), 10 survivors (10240K)
 Metaspace       used 148907K, committed 151424K, reserved 1179648K
  class space    used 20655K, committed 21952K, reserved 1048576K
}
Event: 88.065 GC heap before
{Heap before GC invocations=69 (full 0):
 garbage-first heap   total 295936K, used 268288K [0x0000000780000000, 0x0000000800000000)
  region size 1024K, 94 young (96256K), 10 survivors (10240K)
 Metaspace       used 150205K, committed 152704K, reserved 1245184K
  class space    used 20843K, committed 22080K, reserved 1048576K
}
Event: 88.075 GC heap after
{Heap after GC invocations=70 (full 0):
 garbage-first heap   total 295936K, used 186709K [0x0000000780000000, 0x0000000800000000)
  region size 1024K, 7 young (7168K), 7 survivors (7168K)
 Metaspace       used 150205K, committed 152704K, reserved 1245184K
  class space    used 20843K, committed 22080K, reserved 1048576K
}

