# JRE version: OpenJDK Runtime Environment Temurin-24.0.1+9 (24.0.1+9) (build 24.0.1+9)
# Java VM: OpenJDK 64-Bit Server VM Temurin-24.0.1+9 (24.0.1+9, mixed mode, tiered, compressed oops, compressed class ptrs, g1 gc, bsd-amd64)
GC Precious Log:
 CardTable entry size: 512
 Card Set container configuration: InlinePtr #cards 4 size 8 Array Of Cards #cards 16 size 48 Howl #buckets 8 coarsen threshold 3686 Howl Bitmap #cards 512 size 80 coarsen threshold 460 Card regions per heap region 1 cards per card region 4096
 CPUs: 8 total, 8 available
 Memory: 16384M
 Large Page Support: Disabled
 NUMA Support: Disabled
 Compressed Oops: Enabled (Zero based)
 Heap Region Size: 2M
 Heap Min Capacity: 8M
 Heap Initial Capacity: 256M
 Heap Max Capacity: 4G
 Pre-touch: Disabled
 Parallel Workers: 8
 Concurrent Workers: 2
 Concurrent Refinement Workers: 8
 Periodic GC: Disabled
Heap:
 garbage-first heap   total reserved 4194304K, committed 495616K, used 348545K [0x0000000700000000, 0x0000000800000000)
  region size 2048K, 20 young (40960K), 7 survivors (14336K)
 Metaspace       used 178833K, committed 181440K, reserved 1245184K
  class space    used 19443K, committed 20672K, reserved 1048576K
GC Heap History (20 events):
Event: 55.314 GC heap before
{Heap before GC invocations=64 (full 0):
 garbage-first heap   total reserved 4194304K, committed 417792K, used 362359K [0x0000000700000000, 0x0000000800000000)
  region size 2048K, 83 young (169984K), 8 survivors (16384K)
 Metaspace       used 139362K, committed 141824K, reserved 1179648K
  class space    used 15704K, committed 16896K, reserved 1048576K
}
Event: 55.330 GC heap after
{Heap after GC invocations=65 (full 0):
 garbage-first heap   total reserved 4194304K, committed 417792K, used 213500K [0x0000000700000000, 0x0000000800000000)
  region size 2048K, 8 young (16384K), 8 survivors (16384K)
 Metaspace       used 139362K, committed 141824K, reserved 1179648K
  class space    used 15704K, committed 16896K, reserved 1048576K
}
Event: 57.550 GC heap before
{Heap before GC invocations=65 (full 0):
 garbage-first heap   total reserved 4194304K, committed 417792K, used 371196K [0x0000000700000000, 0x0000000800000000)
  region size 2048K, 85 young (174080K), 8 survivors (16384K)
 Metaspace       used 139362K, committed 141824K, reserved 1179648K
  class space    used 15704K, committed 16896K, reserved 1048576K
}
Event: 57.564 GC heap after
{Heap after GC invocations=66 (full 0):
 garbage-first heap   total reserved 4194304K, committed 417792K, used 218588K [0x0000000700000000, 0x0000000800000000)
  region size 2048K, 8 young (16384K), 8 survivors (16384K)
 Metaspace       used 139362K, committed 141824K, reserved 1179648K
  class space    used 15704K, committed 16896K, reserved 1048576K
}
Event: 58.955 GC heap before
{Heap before GC invocations=66 (full 0):
 garbage-first heap   total reserved 4194304K, committed 417792K, used 376284K [0x0000000700000000, 0x0000000800000000)
  region size 2048K, 85 young (174080K), 8 survivors (16384K)
 Metaspace       used 139363K, committed 141888K, reserved 1179648K
  class space    used 15704K, committed 16896K, reserved 1048576K
}
Event: 58.971 GC heap after
{Heap after GC invocations=67 (full 0):
 garbage-first heap   total reserved 4194304K, committed 417792K, used 224076K [0x0000000700000000, 0x0000000800000000)
  region size 2048K, 7 young (14336K), 7 survivors (14336K)
 Metaspace       used 139363K, committed 141888K, reserved 1179648K
  class space    used 15704K, committed 16896K, reserved 1048576K
}
Event: 61.504 GC heap before
{Heap before GC invocations=68 (full 0):
 garbage-first heap   total reserved 4194304K, committed 417792K, used 377676K [0x0000000700000000, 0x0000000800000000)
  region size 2048K, 82 young (167936K), 7 survivors (14336K)
 Metaspace       used 139364K, committed 141888K, reserved 1179648K
  class space    used 15704K, committed 16896K, reserved 1048576K
}
Event: 61.517 GC heap after
{Heap after GC invocations=69 (full 0):
 garbage-first heap   total reserved 4194304K, committed 417792K, used 229123K [0x0000000700000000, 0x0000000800000000)
  region size 2048K, 6 young (12288K), 6 survivors (12288K)
 Metaspace       used 139364K, committed 141888K, reserved 1179648K
  class space    used 15704K, committed 16896K, reserved 1048576K
}
Event: 68.118 GC heap before
{Heap before GC invocations=69 (full 0):
 garbage-first heap   total reserved 4194304K, committed 417792K, used 380675K [0x0000000700000000, 0x0000000800000000)
  region size 2048K, 81 young (165888K), 6 survivors (12288K)
 Metaspace       used 141060K, committed 143552K, reserved 1179648K
  class space    used 15836K, committed 17024K, reserved 1048576K
}
Event: 68.141 GC heap after
{Heap after GC invocations=70 (full 0):
 garbage-first heap   total reserved 4194304K, committed 417792K, used 232902K [0x0000000700000000, 0x0000000800000000)
  region size 2048K, 9 young (18432K), 9 survivors (18432K)
 Metaspace       used 141060K, committed 143552K, reserved 1179648K
  class space    used 15836K, committed 17024K, reserved 1048576K
}
Event: 68.995 GC heap before
{Heap before GC invocations=70 (full 0):
 garbage-first heap   total reserved 4194304K, committed 417792K, used 275910K [0x0000000700000000, 0x0000000800000000)
  region size 2048K, 31 young (63488K), 9 survivors (18432K)
 Metaspace       used 141813K, committed 144320K, reserved 1179648K
  class space    used 15913K, committed 17088K, reserved 1048576K
}
Event: 69.008 GC heap after
{Heap after GC invocations=71 (full 0):
 garbage-first heap   total reserved 4194304K, committed 417792K, used 235556K [0x0000000700000000, 0x0000000800000000)
  region size 2048K, 6 young (12288K), 6 survivors (12288K)
 Metaspace       used 141813K, committed 144320K, reserved 1179648K
  class space    used 15913K, committed 17088K, reserved 1048576K
}
Event: 73.254 GC heap before
{Heap before GC invocations=72 (full 0):
 garbage-first heap   total reserved 4194304K, committed 417792K, used 385060K [0x0000000700000000, 0x0000000800000000)
  region size 2048K, 77 young (157696K), 6 survivors (12288K)
 Metaspace       used 161151K, committed 163712K, reserved 1245184K
  class space    used 17858K, committed 19072K, reserved 1048576K
}
Event: 73.272 GC heap after
{Heap after GC invocations=73 (full 0):
 garbage-first heap   total reserved 4194304K, committed 417792K, used 252953K [0x0000000700000000, 0x0000000800000000)
  region size 2048K, 10 young (20480K), 10 survivors (20480K)
 Metaspace       used 161151K, committed 163712K, reserved 1245184K
  class space    used 17858K, committed 19072K, reserved 1048576K
}
Event: 77.322 GC heap before
{Heap before GC invocations=73 (full 0):
 garbage-first heap   total reserved 4194304K, committed 417792K, used 373785K [0x0000000700000000, 0x0000000800000000)
  region size 2048K, 69 young (141312K), 10 survivors (20480K)
 Metaspace       used 172625K, committed 175168K, reserved 1245184K
  class space    used 18937K, committed 20160K, reserved 1048576K
}
Event: 77.362 GC heap after
{Heap after GC invocations=74 (full 0):
 garbage-first heap   total reserved 4194304K, committed 421888K, used 268328K [0x0000000700000000, 0x0000000800000000)
  region size 2048K, 9 young (18432K), 9 survivors (18432K)
 Metaspace       used 172625K, committed 175168K, reserved 1245184K
  class space    used 18937K, committed 20160K, reserved 1048576K
}
Event: 79.648 GC heap before
{Heap before GC invocations=74 (full 0):
 garbage-first heap   total reserved 4194304K, committed 421888K, used 378920K [0x0000000700000000, 0x0000000800000000)
  region size 2048K, 63 young (129024K), 9 survivors (18432K)
 Metaspace       used 177995K, committed 180608K, reserved 1245184K
  class space    used 19371K, committed 20608K, reserved 1048576K
}
Event: 79.675 GC heap after
{Heap after GC invocations=75 (full 0):
 garbage-first heap   total reserved 4194304K, committed 425984K, used 296137K [0x0000000700000000, 0x0000000800000000)
  region size 2048K, 8 young (16384K), 8 survivors (16384K)
 Metaspace       used 177995K, committed 180608K, reserved 1245184K
  class space    used 19371K, committed 20608K, reserved 1048576K
}
Event: 80.666 GC heap before
{Heap before GC invocations=76 (full 0):
 garbage-first heap   total reserved 4194304K, committed 495616K, used 382153K [0x0000000700000000, 0x0000000800000000)
  region size 2048K, 50 young (102400K), 8 survivors (16384K)
 Metaspace       used 178278K, committed 180928K, reserved 1245184K
  class space    used 19417K, committed 20672K, reserved 1048576K
}
Event: 80.699 GC heap after
{Heap after GC invocations=77 (full 0):
 garbage-first heap   total reserved 4194304K, committed 495616K, used 323969K [0x0000000700000000, 0x0000000800000000)
  region size 2048K, 7 young (14336K), 7 survivors (14336K)
 Metaspace       used 178278K, committed 180928K, reserved 1245184K
  class space    used 19417K, committed 20672K, reserved 1048576K
}

